Determining if the pthread_create exist failed with the following output:
Change Dir: /home/pablo/git/ATCSim/build_ubuntu_18_04/CMakeFiles/CMakeTmp

Run Build Command:"/usr/bin/make" "cmTC_64aef/fast"
/usr/bin/make -f CMakeFiles/cmTC_64aef.dir/build.make CMakeFiles/cmTC_64aef.dir/build
make[1]: se entra en el directorio '/home/pablo/git/ATCSim/build_ubuntu_18_04/CMakeFiles/CMakeTmp'
Building C object CMakeFiles/cmTC_64aef.dir/CheckSymbolExists.c.o
/usr/bin/cc    -o CMakeFiles/cmTC_64aef.dir/CheckSymbolExists.c.o   -c /home/pablo/git/ATCSim/build_ubuntu_18_04/CMakeFiles/CMakeTmp/CheckSymbolExists.c
Linking C executable cmTC_64aef
/usr/bin/cmake -E cmake_link_script CMakeFiles/cmTC_64aef.dir/link.txt --verbose=1
/usr/bin/cc      -rdynamic CMakeFiles/cmTC_64aef.dir/CheckSymbolExists.c.o  -o cmTC_64aef 
CMakeFiles/cmTC_64aef.dir/CheckSymbolExists.c.o: En la función `main':
CheckSymbolExists.c:(.text+0x1b): referencia a `pthread_create' sin definir
collect2: error: ld returned 1 exit status
CMakeFiles/cmTC_64aef.dir/build.make:97: recipe for target 'cmTC_64aef' failed
make[1]: *** [cmTC_64aef] Error 1
make[1]: se sale del directorio '/home/pablo/git/ATCSim/build_ubuntu_18_04/CMakeFiles/CMakeTmp'
Makefile:126: recipe for target 'cmTC_64aef/fast' failed
make: *** [cmTC_64aef/fast] Error 2

File /home/pablo/git/ATCSim/build_ubuntu_18_04/CMakeFiles/CMakeTmp/CheckSymbolExists.c:
/* */
#include <pthread.h>

int main(int argc, char** argv)
{
  (void)argv;
#ifndef pthread_create
  return ((int*)(&pthread_create))[argc];
#else
  (void)argc;
  return 0;
#endif
}

Determining if the function pthread_create exists in the pthreads failed with the following output:
Change Dir: /home/pablo/git/ATCSim/build_ubuntu_18_04/CMakeFiles/CMakeTmp

Run Build Command:"/usr/bin/make" "cmTC_f851a/fast"
/usr/bin/make -f CMakeFiles/cmTC_f851a.dir/build.make CMakeFiles/cmTC_f851a.dir/build
make[1]: se entra en el directorio '/home/pablo/git/ATCSim/build_ubuntu_18_04/CMakeFiles/CMakeTmp'
Building C object CMakeFiles/cmTC_f851a.dir/CheckFunctionExists.c.o
/usr/bin/cc   -DCHECK_FUNCTION_EXISTS=pthread_create   -o CMakeFiles/cmTC_f851a.dir/CheckFunctionExists.c.o   -c /usr/share/cmake-3.10/Modules/CheckFunctionExists.c
Linking C executable cmTC_f851a
/usr/bin/cmake -E cmake_link_script CMakeFiles/cmTC_f851a.dir/link.txt --verbose=1
/usr/bin/cc  -DCHECK_FUNCTION_EXISTS=pthread_create    -rdynamic CMakeFiles/cmTC_f851a.dir/CheckFunctionExists.c.o  -o cmTC_f851a -lpthreads 
/usr/bin/ld: no se puede encontrar -lpthreads
collect2: error: ld returned 1 exit status
CMakeFiles/cmTC_f851a.dir/build.make:97: recipe for target 'cmTC_f851a' failed
make[1]: *** [cmTC_f851a] Error 1
make[1]: se sale del directorio '/home/pablo/git/ATCSim/build_ubuntu_18_04/CMakeFiles/CMakeTmp'
Makefile:126: recipe for target 'cmTC_f851a/fast' failed
make: *** [cmTC_f851a/fast] Error 2


