Determining if the pthread_create exist failed with the following output:
Change Dir: /home/alicia/Escritorio/ATCSim/build/CMakeFiles/CMakeTmp

Run Build Command:"/usr/bin/make" "cmTC_fab28/fast"
/usr/bin/make -f CMakeFiles/cmTC_fab28.dir/build.make CMakeFiles/cmTC_fab28.dir/build
make[1]: se entra en el directorio '/home/alicia/Escritorio/ATCSim/build/CMakeFiles/CMakeTmp'
Building C object CMakeFiles/cmTC_fab28.dir/CheckSymbolExists.c.o
/usr/bin/cc    -o CMakeFiles/cmTC_fab28.dir/CheckSymbolExists.c.o   -c /home/alicia/Escritorio/ATCSim/build/CMakeFiles/CMakeTmp/CheckSymbolExists.c
Linking C executable cmTC_fab28
/usr/bin/cmake -E cmake_link_script CMakeFiles/cmTC_fab28.dir/link.txt --verbose=1
/usr/bin/cc      CMakeFiles/cmTC_fab28.dir/CheckSymbolExists.c.o  -o cmTC_fab28 
CMakeFiles/cmTC_fab28.dir/CheckSymbolExists.c.o: En la función `main':
CheckSymbolExists.c:(.text+0x1b): referencia a `pthread_create' sin definir
collect2: error: ld returned 1 exit status
CMakeFiles/cmTC_fab28.dir/build.make:97: recipe for target 'cmTC_fab28' failed
make[1]: *** [cmTC_fab28] Error 1
make[1]: se sale del directorio '/home/alicia/Escritorio/ATCSim/build/CMakeFiles/CMakeTmp'
Makefile:126: recipe for target 'cmTC_fab28/fast' failed
make: *** [cmTC_fab28/fast] Error 2

File /home/alicia/Escritorio/ATCSim/build/CMakeFiles/CMakeTmp/CheckSymbolExists.c:
/* */
#include <pthread.h>

int main(int argc, char** argv)
{
  (void)argv;
#ifndef pthread_create
  return ((int*)(&pthread_create))[argc];
#else
  (void)argc;
  return 0;
#endif
}

Determining if the function pthread_create exists in the pthreads failed with the following output:
Change Dir: /home/alicia/Escritorio/ATCSim/build/CMakeFiles/CMakeTmp

Run Build Command:"/usr/bin/make" "cmTC_8835e/fast"
/usr/bin/make -f CMakeFiles/cmTC_8835e.dir/build.make CMakeFiles/cmTC_8835e.dir/build
make[1]: se entra en el directorio '/home/alicia/Escritorio/ATCSim/build/CMakeFiles/CMakeTmp'
Building C object CMakeFiles/cmTC_8835e.dir/CheckFunctionExists.c.o
/usr/bin/cc   -DCHECK_FUNCTION_EXISTS=pthread_create   -o CMakeFiles/cmTC_8835e.dir/CheckFunctionExists.c.o   -c /usr/share/cmake-3.10/Modules/CheckFunctionExists.c
Linking C executable cmTC_8835e
/usr/bin/cmake -E cmake_link_script CMakeFiles/cmTC_8835e.dir/link.txt --verbose=1
/usr/bin/cc  -DCHECK_FUNCTION_EXISTS=pthread_create    CMakeFiles/cmTC_8835e.dir/CheckFunctionExists.c.o  -o cmTC_8835e -lpthreads 
/usr/bin/ld: no se puede encontrar -lpthreads
collect2: error: ld returned 1 exit status
CMakeFiles/cmTC_8835e.dir/build.make:97: recipe for target 'cmTC_8835e' failed
make[1]: *** [cmTC_8835e] Error 1
make[1]: se sale del directorio '/home/alicia/Escritorio/ATCSim/build/CMakeFiles/CMakeTmp'
Makefile:126: recipe for target 'cmTC_8835e/fast' failed
make: *** [cmTC_8835e/fast] Error 2


