Determining if the pthread_create exist failed with the following output:
Change Dir: /home/pablo/git/ATCSim/build_macos_support/CMakeFiles/CMakeTmp

Run Build Command:"/usr/bin/make" "cmTC_cd2b9/fast"
/usr/bin/make -f CMakeFiles/cmTC_cd2b9.dir/build.make CMakeFiles/cmTC_cd2b9.dir/build
make[1]: se entra en el directorio '/home/pablo/git/ATCSim/build_macos_support/CMakeFiles/CMakeTmp'
Building C object CMakeFiles/cmTC_cd2b9.dir/CheckSymbolExists.c.o
/usr/bin/cc    -o CMakeFiles/cmTC_cd2b9.dir/CheckSymbolExists.c.o   -c /home/pablo/git/ATCSim/build_macos_support/CMakeFiles/CMakeTmp/CheckSymbolExists.c
Linking C executable cmTC_cd2b9
/usr/bin/cmake -E cmake_link_script CMakeFiles/cmTC_cd2b9.dir/link.txt --verbose=1
/usr/bin/cc      CMakeFiles/cmTC_cd2b9.dir/CheckSymbolExists.c.o  -o cmTC_cd2b9 
CMakeFiles/cmTC_cd2b9.dir/CheckSymbolExists.c.o: En la función `main':
CheckSymbolExists.c:(.text+0x1b): referencia a `pthread_create' sin definir
collect2: error: ld returned 1 exit status
CMakeFiles/cmTC_cd2b9.dir/build.make:97: recipe for target 'cmTC_cd2b9' failed
make[1]: *** [cmTC_cd2b9] Error 1
make[1]: se sale del directorio '/home/pablo/git/ATCSim/build_macos_support/CMakeFiles/CMakeTmp'
Makefile:126: recipe for target 'cmTC_cd2b9/fast' failed
make: *** [cmTC_cd2b9/fast] Error 2

File /home/pablo/git/ATCSim/build_macos_support/CMakeFiles/CMakeTmp/CheckSymbolExists.c:
/* */
#include <pthread.h>

int main(int argc, char** argv)
{
  (void)argv;
#ifndef pthread_create
  return ((int*)(&pthread_create))[argc];
#else
  (void)argc;
  return 0;
#endif
}

Determining if the function pthread_create exists in the pthreads failed with the following output:
Change Dir: /home/pablo/git/ATCSim/build_macos_support/CMakeFiles/CMakeTmp

Run Build Command:"/usr/bin/make" "cmTC_a3957/fast"
/usr/bin/make -f CMakeFiles/cmTC_a3957.dir/build.make CMakeFiles/cmTC_a3957.dir/build
make[1]: se entra en el directorio '/home/pablo/git/ATCSim/build_macos_support/CMakeFiles/CMakeTmp'
Building C object CMakeFiles/cmTC_a3957.dir/CheckFunctionExists.c.o
/usr/bin/cc   -DCHECK_FUNCTION_EXISTS=pthread_create   -o CMakeFiles/cmTC_a3957.dir/CheckFunctionExists.c.o   -c /usr/share/cmake-3.10/Modules/CheckFunctionExists.c
Linking C executable cmTC_a3957
/usr/bin/cmake -E cmake_link_script CMakeFiles/cmTC_a3957.dir/link.txt --verbose=1
/usr/bin/cc  -DCHECK_FUNCTION_EXISTS=pthread_create    CMakeFiles/cmTC_a3957.dir/CheckFunctionExists.c.o  -o cmTC_a3957 -lpthreads 
/usr/bin/ld: no se puede encontrar -lpthreads
collect2: error: ld returned 1 exit status
CMakeFiles/cmTC_a3957.dir/build.make:97: recipe for target 'cmTC_a3957' failed
make[1]: *** [cmTC_a3957] Error 1
make[1]: se sale del directorio '/home/pablo/git/ATCSim/build_macos_support/CMakeFiles/CMakeTmp'
Makefile:126: recipe for target 'cmTC_a3957/fast' failed
make: *** [cmTC_a3957/fast] Error 2


