Determining if the pthread_create exist failed with the following output:
Change Dir: /home/alumnos/pasensio/Escritorio/universidad/programacion/cpp/git/ATCSim/build_MacOS/CMakeFiles/CMakeTmp

Run Build Command:"/usr/bin/make" "cmTC_c2691/fast"
/usr/bin/make -f CMakeFiles/cmTC_c2691.dir/build.make CMakeFiles/cmTC_c2691.dir/build
make[1]: se entra en el directorio '/home/alumnos/pasensio/Escritorio/universidad/programacion/cpp/git/ATCSim/build_MacOS/CMakeFiles/CMakeTmp'
Building C object CMakeFiles/cmTC_c2691.dir/CheckSymbolExists.c.o
/usr/bin/cc    -o CMakeFiles/cmTC_c2691.dir/CheckSymbolExists.c.o   -c /home/alumnos/pasensio/Escritorio/universidad/programacion/cpp/git/ATCSim/build_MacOS/CMakeFiles/CMakeTmp/CheckSymbolExists.c
Linking C executable cmTC_c2691
/usr/bin/cmake -E cmake_link_script CMakeFiles/cmTC_c2691.dir/link.txt --verbose=1
/usr/bin/cc      CMakeFiles/cmTC_c2691.dir/CheckSymbolExists.c.o  -o cmTC_c2691 
CMakeFiles/cmTC_c2691.dir/CheckSymbolExists.c.o: En la función `main':
CheckSymbolExists.c:(.text+0x1b): referencia a `pthread_create' sin definir
collect2: error: ld returned 1 exit status
CMakeFiles/cmTC_c2691.dir/build.make:97: recipe for target 'cmTC_c2691' failed
make[1]: *** [cmTC_c2691] Error 1
make[1]: se sale del directorio '/home/alumnos/pasensio/Escritorio/universidad/programacion/cpp/git/ATCSim/build_MacOS/CMakeFiles/CMakeTmp'
Makefile:126: recipe for target 'cmTC_c2691/fast' failed
make: *** [cmTC_c2691/fast] Error 2

File /home/alumnos/pasensio/Escritorio/universidad/programacion/cpp/git/ATCSim/build_MacOS/CMakeFiles/CMakeTmp/CheckSymbolExists.c:
/* */
#include <pthread.h>

int main(int argc, char** argv)
{
  (void)argv;
#ifndef pthread_create
  return ((int*)(&pthread_create))[argc];
#else
  (void)argc;
  return 0;
#endif
}

Determining if the function pthread_create exists in the pthreads failed with the following output:
Change Dir: /home/alumnos/pasensio/Escritorio/universidad/programacion/cpp/git/ATCSim/build_MacOS/CMakeFiles/CMakeTmp

Run Build Command:"/usr/bin/make" "cmTC_de4ca/fast"
/usr/bin/make -f CMakeFiles/cmTC_de4ca.dir/build.make CMakeFiles/cmTC_de4ca.dir/build
make[1]: se entra en el directorio '/home/alumnos/pasensio/Escritorio/universidad/programacion/cpp/git/ATCSim/build_MacOS/CMakeFiles/CMakeTmp'
Building C object CMakeFiles/cmTC_de4ca.dir/CheckFunctionExists.c.o
/usr/bin/cc   -DCHECK_FUNCTION_EXISTS=pthread_create   -o CMakeFiles/cmTC_de4ca.dir/CheckFunctionExists.c.o   -c /usr/share/cmake-3.10/Modules/CheckFunctionExists.c
Linking C executable cmTC_de4ca
/usr/bin/cmake -E cmake_link_script CMakeFiles/cmTC_de4ca.dir/link.txt --verbose=1
/usr/bin/cc  -DCHECK_FUNCTION_EXISTS=pthread_create    CMakeFiles/cmTC_de4ca.dir/CheckFunctionExists.c.o  -o cmTC_de4ca -lpthreads 
/usr/bin/ld: no se puede encontrar -lpthreads
collect2: error: ld returned 1 exit status
CMakeFiles/cmTC_de4ca.dir/build.make:97: recipe for target 'cmTC_de4ca' failed
make[1]: *** [cmTC_de4ca] Error 1
make[1]: se sale del directorio '/home/alumnos/pasensio/Escritorio/universidad/programacion/cpp/git/ATCSim/build_MacOS/CMakeFiles/CMakeTmp'
Makefile:126: recipe for target 'cmTC_de4ca/fast' failed
make: *** [cmTC_de4ca/fast] Error 2


